<?xml version="1.0" encoding="UTF-8"?>
<testsuite xmlns:xsi="http://www.w3.org/2001/XMLSchema-instance" xsi:noNamespaceSchemaLocation="https://maven.apache.org/surefire/maven-surefire-plugin/xsd/surefire-test-report.xsd" version="3.0.2" name="com.example.to_do_api.annotation.TrackExecutionTimeTest" time="0.006" tests="2" errors="0" skipped="0" failures="0">
  <properties>
[...]
</properties>
  <testcase name="annotationRetentionIsRuntime" classname="com.example.to_do_api.annotation.TrackExecutionTimeTest" time="0.001"/>
  <testcase name="annotationTargetIsMethod" classname="com.example.to_do_api.annotation.TrackExecutionTimeTest" time="0.002"/>
</testsuite>